2026-01-11 16:55:35 [info]: 🚀 Server listening on port 4000 
2026-01-11 16:55:35 [info]: Environment: development 
2026-01-11 16:57:55 [http]: Request {
  "method": "GET",
  "url": "/",
  "status": 404,
  "responseTime": "10ms",
  "ip": "::1",
  "userAgent": "Mozilla/5.0 (Windows NT 10.0; Win64; x64) AppleWebKit/537.36 (KHTML, like Gecko) Chrome/143.0.0.0 Safari/537.36"
}
2026-01-11 16:58:01 [http]: Request {
  "method": "GET",
  "url": "/",
  "status": 404,
  "responseTime": "3ms",
  "ip": "::1",
  "userAgent": "Mozilla/5.0 (Windows NT 10.0; Win64; x64) AppleWebKit/537.36 (KHTML, like Gecko) Chrome/143.0.0.0 Safari/537.36"
}
2026-01-11 16:58:08 [info]: Received SIGINT. Shutting down gracefully... 
2026-01-11 16:58:15 [info]: 🚀 Server listening on port 4000 
2026-01-11 16:58:15 [info]: Environment: development 
2026-01-11 16:58:27 [info]: 🚀 Server listening on port 4000 
2026-01-11 16:58:27 [info]: Environment: development 
2026-01-11 16:58:43 [http]: Request {
  "method": "POST",
  "url": "/auth/login",
  "status": 200,
  "responseTime": "1910ms",
  "ip": "::1",
  "userAgent": "Mozilla/5.0 (Windows NT 10.0; Win64; x64) AppleWebKit/537.36 (KHTML, like Gecko) Chrome/143.0.0.0 Safari/537.36"
}
2026-01-11 16:58:43 [http]: Request {
  "method": "GET",
  "url": "/admin/users",
  "status": 200,
  "responseTime": "266ms",
  "ip": "::1",
  "userAgent": "Mozilla/5.0 (Windows NT 10.0; Win64; x64) AppleWebKit/537.36 (KHTML, like Gecko) Chrome/143.0.0.0 Safari/537.36"
}
2026-01-11 16:58:47 [http]: Request {
  "method": "POST",
  "url": "/auth/logout",
  "status": 200,
  "responseTime": "367ms",
  "ip": "::1",
  "userAgent": "Mozilla/5.0 (Windows NT 10.0; Win64; x64) AppleWebKit/537.36 (KHTML, like Gecko) Chrome/143.0.0.0 Safari/537.36"
}
2026-01-11 16:58:47 [http]: Request {
  "method": "GET",
  "url": "/admin/users",
  "status": 304,
  "responseTime": "372ms",
  "ip": "::1",
  "userAgent": "Mozilla/5.0 (Windows NT 10.0; Win64; x64) AppleWebKit/537.36 (KHTML, like Gecko) Chrome/143.0.0.0 Safari/537.36"
}
2026-01-11 16:58:52 [http]: Request {
  "method": "GET",
  "url": "/",
  "status": 404,
  "responseTime": "3ms",
  "ip": "::1",
  "userAgent": "Mozilla/5.0 (Windows NT 10.0; Win64; x64) AppleWebKit/537.36 (KHTML, like Gecko) Chrome/143.0.0.0 Safari/537.36"
}
2026-01-11 16:59:45 [http]: Request {
  "method": "GET",
  "url": "/health",
  "status": 200,
  "responseTime": "2ms",
  "ip": "::1",
  "userAgent": "Mozilla/5.0 (Windows NT 10.0; Win64; x64) AppleWebKit/537.36 (KHTML, like Gecko) Chrome/143.0.0.0 Safari/537.36"
}
2026-01-11 16:59:45 [http]: Request {
  "method": "GET",
  "url": "/.well-known/appspecific/com.chrome.devtools.json",
  "status": 404,
  "responseTime": "6ms",
  "ip": "::1",
  "userAgent": "Mozilla/5.0 (Windows NT 10.0; Win64; x64) AppleWebKit/537.36 (KHTML, like Gecko) Chrome/143.0.0.0 Safari/537.36"
}
2026-01-11 16:59:45 [http]: Request {
  "method": "GET",
  "url": "/favicon.ico",
  "status": 404,
  "responseTime": "2ms",
  "ip": "::1",
  "userAgent": "Mozilla/5.0 (Windows NT 10.0; Win64; x64) AppleWebKit/537.36 (KHTML, like Gecko) Chrome/143.0.0.0 Safari/537.36"
}
2026-01-11 16:59:47 [http]: Request {
  "method": "GET",
  "url": "/health",
  "status": 200,
  "responseTime": "1ms",
  "ip": "::1",
  "userAgent": "Mozilla/5.0 (Windows NT 10.0; Win64; x64) AppleWebKit/537.36 (KHTML, like Gecko) Chrome/143.0.0.0 Safari/537.36"
}
2026-01-11 16:59:47 [http]: Request {
  "method": "GET",
  "url": "/.well-known/appspecific/com.chrome.devtools.json",
  "status": 404,
  "responseTime": "2ms",
  "ip": "::1",
  "userAgent": "Mozilla/5.0 (Windows NT 10.0; Win64; x64) AppleWebKit/537.36 (KHTML, like Gecko) Chrome/143.0.0.0 Safari/537.36"
}
2026-01-11 16:59:48 [http]: Request {
  "method": "GET",
  "url": "/health",
  "status": 200,
  "responseTime": "1ms",
  "ip": "::1",
  "userAgent": "Mozilla/5.0 (Windows NT 10.0; Win64; x64) AppleWebKit/537.36 (KHTML, like Gecko) Chrome/143.0.0.0 Safari/537.36"
}
2026-01-11 16:59:48 [http]: Request {
  "method": "GET",
  "url": "/.well-known/appspecific/com.chrome.devtools.json",
  "status": 404,
  "responseTime": "2ms",
  "ip": "::1",
  "userAgent": "Mozilla/5.0 (Windows NT 10.0; Win64; x64) AppleWebKit/537.36 (KHTML, like Gecko) Chrome/143.0.0.0 Safari/537.36"
}
2026-01-11 17:00:52 [http]: Request {
  "method": "GET",
  "url": "/health/keepalive",
  "status": 200,
  "responseTime": "465ms",
  "ip": "::1",
  "userAgent": "Mozilla/5.0 (Windows NT 10.0; Win64; x64) AppleWebKit/537.36 (KHTML, like Gecko) Chrome/143.0.0.0 Safari/537.36"
}
2026-01-11 17:00:53 [http]: Request {
  "method": "GET",
  "url": "/.well-known/appspecific/com.chrome.devtools.json",
  "status": 404,
  "responseTime": "3ms",
  "ip": "::1",
  "userAgent": "Mozilla/5.0 (Windows NT 10.0; Win64; x64) AppleWebKit/537.36 (KHTML, like Gecko) Chrome/143.0.0.0 Safari/537.36"
}
2026-01-11 17:01:37 [info]: Received SIGINT. Shutting down gracefully... 
